<?xml version="1.0" encoding="UTF-8"?>
<testng-results total="1" passed="1" failed="0" skipped="0">
  <reporter-output>
  </reporter-output>
  <suite started-at="2023-01-16T09:48:29Z" name="Suite" finished-at="2023-01-16T09:48:48Z" duration-ms="19010">
    <groups>
    </groups>
    <test started-at="2023-01-16T09:48:29Z" name="Test" finished-at="2023-01-16T09:48:48Z" duration-ms="19010">
      <class name="TestClasses.SignUp">
        <test-method is-config="true" signature="setup()[pri:0, instance:TestClasses.SignUp@d278d2b]" started-at="2023-01-16T15:18:29Z" name="setup" finished-at="2023-01-16T15:18:40Z" duration-ms="10758" status="PASS">
          <reporter-output>
          </reporter-output>
        </test-method> <!-- setup -->
        <test-method signature="signup_for_insurance()[pri:0, instance:TestClasses.SignUp@d278d2b]" started-at="2023-01-16T15:18:40Z" name="signup_for_insurance" finished-at="2023-01-16T15:18:48Z" duration-ms="8245" status="PASS">
          <reporter-output>
          </reporter-output>
        </test-method> <!-- signup_for_insurance -->
      </class> <!-- TestClasses.SignUp -->
    </test> <!-- Test -->
  </suite> <!-- Suite -->
</testng-results>
