<?xml version="1.0" encoding="UTF-8"?>
<testng-results ignored="0" total="1" passed="1" failed="0" skipped="0">
  <reporter-output>
  </reporter-output>
  <suite started-at="2023-01-16T13:07:54 IST" name="Suite" finished-at="2023-01-16T13:08:26 IST" duration-ms="31782">
    <groups>
    </groups>
    <test started-at="2023-01-16T13:07:54 IST" name="Test" finished-at="2023-01-16T13:08:26 IST" duration-ms="31782">
      <class name="TestClasses.SignUp">
        <test-method is-config="true" signature="setup()[pri:0, instance:TestClasses.SignUp@611889f4]" started-at="2023-01-16T13:07:54 IST" name="setup" finished-at="2023-01-16T13:08:10 IST" duration-ms="15683" status="PASS">
          <reporter-output>
          </reporter-output>
        </test-method> <!-- setup -->
        <test-method signature="signup_for_insurance()[pri:0, instance:TestClasses.SignUp@611889f4]" started-at="2023-01-16T13:08:10 IST" name="signup_for_insurance" finished-at="2023-01-16T13:08:26 IST" duration-ms="16055" status="PASS">
          <reporter-output>
          </reporter-output>
        </test-method> <!-- signup_for_insurance -->
      </class> <!-- TestClasses.SignUp -->
    </test> <!-- Test -->
  </suite> <!-- Suite -->
</testng-results>
